<?xml version="1.0" encoding="UTF-8"?>
<testsuite name="edu.jsu.mcis.CustomWidgetTest" tests="2" skipped="0" failures="0" errors="0" timestamp="2016-09-29T03:20:50" hostname="DESKTOP-V0QVIHF" time="0.06">
  <properties/>
  <testcase name="testClickingCenterOfHexagonSelectsOctagon" classname="edu.jsu.mcis.CustomWidgetTest" time="0.059"/>
  <testcase name="testHexagonIsInitiallyDeselected" classname="edu.jsu.mcis.CustomWidgetTest" time="0.0"/>
  <system-out><![CDATA[]]></system-out>
  <system-err><![CDATA[]]></system-err>
</testsuite>
